<?xml version="1.0" encoding="UTF-8"?>
<!-- Generated by org.testng.reporters.JUnitReportReporter -->
<testsuite hostname="DESKTOP-0AAQTU0" failures="0" tests="3" name="testcases.SimplilearnLoginTest" time="31.434" errors="0" timestamp="17 Sep. 2022 04:56:05 GMT" skipped="0">
  <testcase classname="testcases.SimplilearnLoginTest" name="Test1" time="14.103"/>
  <testcase classname="testcases.SimplilearnLoginTest" name="Test2" time="8.339"/>
  <testcase classname="testcases.SimplilearnLoginTest" name="Test3" time="8.992"/>
</testsuite> <!-- testcases.SimplilearnLoginTest -->
