<?xml version="1.0" encoding="UTF-8"?>
<!-- Generated by org.testng.reporters.JUnitReportReporter -->
<testsuite hostname="DESKTOP-0AAQTU0" failures="0" tests="1" name="testcases.HomeTest" time="4.359" errors="0" timestamp="2022-09-11T01:27:49 EDT" skipped="0">
  <testcase classname="testcases.HomeTest" name="Test1" time="4.359"/>
  <system-out/>
</testsuite> <!-- testcases.HomeTest -->
