<?xml version="1.0" encoding="UTF-8"?>
<!-- Generated by org.testng.reporters.JUnitReportReporter -->
<testsuite hostname="DESKTOP-0AAQTU0" failures="0" tests="3" name="testcases.SimplilearnLoginTest" time="21.502" errors="0" timestamp="24 Sep. 2022 04:14:53 GMT" skipped="0">
  <testcase classname="testcases.SimplilearnLoginTest" name="Test3" time="6.088"/>
  <testcase classname="testcases.SimplilearnLoginTest" name="Test1" time="8.949"/>
  <testcase classname="testcases.SimplilearnLoginTest" name="Test2" time="6.465"/>
</testsuite> <!-- testcases.SimplilearnLoginTest -->
