<?xml version="1.0" encoding="UTF-8"?>
<!-- Generated by org.testng.reporters.JUnitReportReporter -->
<testsuite hostname="DESKTOP-0AAQTU0" failures="0" tests="2" name="testcases.SimplilearnLoginTest" time="10.692" errors="0" timestamp="2022-09-10T23:32:42 EDT" skipped="0">
  <testcase classname="testcases.SimplilearnLoginTest" name="Test2" time="4.348"/>
  <system-out/>
  <testcase classname="testcases.SimplilearnLoginTest" name="Test1" time="6.344"/>
  <system-out/>
</testsuite> <!-- testcases.SimplilearnLoginTest -->
